<?xml version="1.0" encoding="UTF-8" ?>
<testsuite tests="18" failures="0" name="test.AppTest" time="3.658" errors="0" skipped="0">
  <properties>
[...]
</properties>
  <testcase classname="test.AppTest" name="testGetRecordAnswer" time="1.812"/>
  <testcase classname="test.AppTest" name="testGetListDepartmentyByTeacherEmail" time="0.485"/>
  <testcase classname="test.AppTest" name="testGetJobsByTeacherIdPaging" time="0.254"/>
  <testcase classname="test.AppTest" name="testGetRecordExamTest" time="0.005"/>
  <testcase classname="test.AppTest" name="testGetRecordStructureTest" time="0.015"/>
  <testcase classname="test.AppTest" name="testGetListQuestionByChapterIdPaging" time="0.079"/>
  <testcase classname="test.AppTest" name="testGetListSubjectOfTeacherPaging" time="0.078"/>
  <testcase classname="test.AppTest" name="testGetRecordTeacher" time="0.047"/>
  <testcase classname="test.AppTest" name="testGetRecordJobRepository" time="0.031"/>
  <testcase classname="test.AppTest" name="testGetStrucTestDetailById" time="0.015"/>
  <testcase classname="test.AppTest" name="testGetChapterBySubjectId" time="0.016"/>
  <testcase classname="test.AppTest" name="testGetRecordCreateQuestionService" time="0.016"/>
  <testcase classname="test.AppTest" name="testGetAllRecord" time="0"/>
  <testcase classname="test.AppTest" name="testConfig" time="0"/>
  <testcase classname="test.AppTest" name="testGetRecordDetailRepositpory" time="0.015"/>
  <testcase classname="test.AppTest" name="testGetAllRecordSubject" time="0.344"/>
  <testcase classname="test.AppTest" name="testGetRecordQuestionService" time="0.446"/>
  <testcase classname="test.AppTest" name="testGetSubjectsByDepartmentIdNoCollection" time="0"/>
</testsuite>